TN:
SF:src/app.ts
FNF:0
FNH:0
DA:1,1
DA:2,1
DA:3,1
DA:4,1
DA:5,1
DA:6,1
DA:7,1
DA:8,1
DA:9,1
DA:10,1
DA:11,1
DA:12,1
DA:13,1
DA:14,1
DA:15,1
DA:16,1
DA:17,1
DA:18,1
DA:19,1
DA:20,1
DA:21,22
DA:22,10
DA:23,10
DA:24,10
DA:25,10
DA:26,12
DA:27,12
DA:28,12
DA:29,12
DA:30,12
DA:31,12
DA:32,1
DA:33,1
DA:34,1
LF:34
LH:34
BRDA:20,0,0,22
BRDA:21,1,0,20
BRDA:21,2,0,10
BRDA:26,3,0,12
BRF:4
BRH:4
end_of_record
TN:
SF:src/config/auth.ts
FNF:0
FNH:0
DA:1,1
DA:2,1
DA:3,1
DA:4,1
DA:5,1
DA:6,1
LF:6
LH:6
BRF:0
BRH:0
end_of_record
TN:
SF:src/database/index.ts
FNF:0
FNH:0
DA:1,1
DA:2,1
DA:3,1
DA:4,12
DA:5,12
DA:6,12
DA:7,12
DA:8,12
DA:9,12
DA:10,12
DA:11,12
DA:12,12
DA:13,12
LF:13
LH:13
BRDA:3,0,0,12
BRDA:5,1,0,12
BRDA:9,2,0,0
BRDA:10,3,0,0
BRF:4
BRH:2
end_of_record
TN:
SF:src/database/migrations/1616681812086-users-table.ts
FN:3,usersTable1616681812086
FN:5,Object.<anonymous>.usersTable1616681812086.up
FN:41,Object.<anonymous>.usersTable1616681812086.down
FNF:3
FNH:2
FNDA:6,usersTable1616681812086
FNDA:11,Object.<anonymous>.usersTable1616681812086.up
FNDA:0,Object.<anonymous>.usersTable1616681812086.down
DA:1,1
DA:2,1
DA:3,6
DA:4,6
DA:5,6
DA:6,11
DA:7,11
DA:8,11
DA:9,11
DA:10,11
DA:11,11
DA:12,11
DA:13,11
DA:14,11
DA:15,11
DA:16,11
DA:17,11
DA:18,11
DA:19,11
DA:20,11
DA:21,11
DA:22,11
DA:23,11
DA:24,11
DA:25,11
DA:26,11
DA:27,11
DA:28,11
DA:29,11
DA:30,11
DA:31,11
DA:32,11
DA:33,11
DA:34,11
DA:35,11
DA:36,11
DA:37,11
DA:38,11
DA:39,11
DA:40,6
DA:41,6
DA:42,0
DA:43,0
DA:44,6
DA:45,6
LF:45
LH:43
BRDA:3,0,0,6
BRDA:3,1,0,6
BRDA:5,2,0,11
BRDA:6,3,0,11
BRF:4
BRH:4
end_of_record
TN:
SF:src/database/migrations/1616682561481-statements-table.ts
FN:3,accountsTable1616682561481
FN:5,Object.<anonymous>.accountsTable1616682561481.up
FN:57,Object.<anonymous>.accountsTable1616682561481.down
FNF:3
FNH:2
FNDA:6,accountsTable1616682561481
FNDA:11,Object.<anonymous>.accountsTable1616682561481.up
FNDA:0,Object.<anonymous>.accountsTable1616682561481.down
DA:1,1
DA:2,1
DA:3,6
DA:4,6
DA:5,6
DA:6,11
DA:7,11
DA:8,11
DA:9,11
DA:10,11
DA:11,11
DA:12,11
DA:13,11
DA:14,11
DA:15,11
DA:16,11
DA:17,11
DA:18,11
DA:19,11
DA:20,11
DA:21,11
DA:22,11
DA:23,11
DA:24,11
DA:25,11
DA:26,11
DA:27,11
DA:28,11
DA:29,11
DA:30,11
DA:31,11
DA:32,11
DA:33,11
DA:34,11
DA:35,11
DA:36,11
DA:37,11
DA:38,11
DA:39,11
DA:40,11
DA:41,11
DA:42,11
DA:43,11
DA:44,11
DA:45,11
DA:46,11
DA:47,11
DA:48,11
DA:49,11
DA:50,11
DA:51,11
DA:52,11
DA:53,11
DA:54,11
DA:55,11
DA:56,6
DA:57,6
DA:58,0
DA:59,0
DA:60,6
DA:61,6
LF:61
LH:59
BRDA:3,0,0,6
BRDA:3,1,0,6
BRDA:5,2,0,11
BRDA:6,3,0,11
BRF:4
BRH:4
end_of_record
TN:
SF:src/modules/statements/entities/Statement.ts
FN:45,Statement
FN:26,Object.<anonymous>.__decorate.name
FNF:2
FNH:2
FNDA:18,Statement
FNDA:12,Object.<anonymous>.__decorate.name
DA:1,1
DA:2,1
DA:3,1
DA:4,1
DA:5,1
DA:6,1
DA:7,1
DA:8,1
DA:9,1
DA:10,1
DA:11,1
DA:12,1
DA:13,12
DA:14,12
DA:15,12
DA:16,12
DA:17,1
DA:18,1
DA:19,12
DA:20,12
DA:21,12
DA:22,12
DA:23,12
DA:24,12
DA:25,12
DA:26,12
DA:27,12
DA:28,12
DA:29,12
DA:30,12
DA:31,12
DA:32,12
DA:33,12
DA:34,12
DA:35,12
DA:36,12
DA:37,12
DA:38,12
DA:39,12
DA:40,12
DA:41,12
DA:42,12
DA:43,12
DA:44,12
DA:45,12
DA:46,18
DA:47,18
DA:48,18
DA:49,18
DA:50,12
LF:50
LH:50
BRDA:13,0,0,12
BRDA:19,1,0,12
BRDA:45,2,0,18
BRDA:26,3,0,12
BRDA:26,4,0,12
BRF:5
BRH:5
end_of_record
TN:
SF:src/modules/statements/mappers/BalanceMap.ts
FN:3,BalanceMap
FN:4,Object.<anonymous>.BalanceMap.toDTO
FNF:2
FNH:0
FNDA:0,BalanceMap
FNDA:0,Object.<anonymous>.BalanceMap.toDTO
DA:1,1
DA:2,1
DA:3,0
DA:4,0
DA:5,0
DA:6,0
DA:7,0
DA:8,0
DA:9,0
DA:10,0
DA:11,0
DA:12,0
DA:13,0
DA:14,0
DA:15,0
DA:16,0
DA:17,0
DA:18,0
DA:19,0
DA:20,0
DA:21,0
DA:22,0
DA:23,0
DA:24,0
DA:25,0
DA:26,0
DA:27,0
DA:28,0
LF:28
LH:2
BRDA:3,0,0,6
BRF:1
BRH:1
end_of_record
TN:
SF:src/modules/statements/repositories/StatementsRepository.ts
FN:12,StatementsRepository
FN:16,Object.<anonymous>.StatementsRepository.create
FN:32,Object.<anonymous>.StatementsRepository.findStatementOperation
FN:38,Object.<anonymous>.StatementsRepository.getUserBalance
FNF:4
FNH:0
FNDA:0,StatementsRepository
FNDA:0,Object.<anonymous>.StatementsRepository.create
FNDA:0,Object.<anonymous>.StatementsRepository.findStatementOperation
FNDA:0,Object.<anonymous>.StatementsRepository.getUserBalance
DA:1,1
DA:2,1
DA:3,1
DA:4,1
DA:5,1
DA:6,1
DA:7,1
DA:8,1
DA:9,6
DA:10,6
DA:11,6
DA:12,6
DA:13,0
DA:14,0
DA:15,6
DA:16,6
DA:17,0
DA:18,0
DA:19,0
DA:20,0
DA:21,0
DA:22,0
DA:23,0
DA:24,0
DA:25,0
DA:26,0
DA:27,0
DA:28,0
DA:29,0
DA:30,0
DA:31,6
DA:32,6
DA:33,0
DA:34,0
DA:35,0
DA:36,0
DA:37,6
DA:38,6
DA:39,0
DA:40,0
DA:41,0
DA:42,0
DA:43,0
DA:44,0
DA:45,0
DA:46,0
DA:47,0
DA:48,0
DA:49,0
DA:50,0
DA:51,0
DA:52,0
DA:53,0
DA:54,0
DA:55,0
DA:56,0
DA:57,0
DA:58,0
DA:59,0
DA:60,0
DA:61,0
DA:62,0
DA:63,0
DA:64,6
LF:64
LH:19
BRDA:9,0,0,6
BRF:1
BRH:1
end_of_record
TN:
SF:src/modules/statements/repositories/in-memory/InMemoryStatementsRepository.ts
FN:7,InMemoryStatementsRepository
FN:10,Object.<anonymous>.InMemoryStatementsRepository.create
FN:20,Object.<anonymous>.InMemoryStatementsRepository.findStatementOperation
FN:27,Object.<anonymous>.InMemoryStatementsRepository.getUserBalance
FNF:4
FNH:4
FNDA:9,InMemoryStatementsRepository
FNDA:6,Object.<anonymous>.InMemoryStatementsRepository.create
FNDA:3,Object.<anonymous>.InMemoryStatementsRepository.findStatementOperation
FNDA:2,Object.<anonymous>.InMemoryStatementsRepository.getUserBalance
DA:1,1
DA:2,1
DA:3,1
DA:4,1
DA:5,1
DA:6,1
DA:7,9
DA:8,9
DA:9,9
DA:10,9
DA:11,6
DA:12,6
DA:13,6
DA:14,6
DA:15,6
DA:16,6
DA:17,6
DA:18,6
DA:19,9
DA:20,9
DA:21,3
DA:22,3
DA:23,2
DA:24,3
DA:25,3
DA:26,9
DA:27,9
DA:28,2
DA:29,2
DA:30,2
DA:31,2
DA:32,2
DA:33,2
DA:34,2
DA:35,1
DA:36,1
DA:37,1
DA:38,0
DA:39,0
DA:40,2
DA:41,2
DA:42,2
DA:43,2
DA:44,2
DA:45,2
DA:46,2
DA:47,2
DA:48,2
DA:49,2
DA:50,2
DA:51,9
LF:51
LH:49
BRDA:7,0,0,3
BRDA:7,1,0,9
BRDA:10,2,0,6
BRDA:20,3,0,3
BRDA:21,4,0,3
BRDA:22,5,0,2
BRDA:27,6,0,2
BRDA:27,7,0,1
BRDA:27,8,0,1
BRDA:32,9,0,1
BRDA:34,10,0,1
BRDA:37,11,0,0
BRF:12
BRH:11
end_of_record
TN:
SF:src/modules/statements/useCases/createStatement/CreateStatementController.ts
FN:11,CreateStatementController
FN:12,Object.<anonymous>.CreateStatementController.execute
FNF:2
FNH:1
FNDA:6,CreateStatementController
FNDA:0,Object.<anonymous>.CreateStatementController.execute
DA:1,1
DA:2,1
DA:3,1
DA:4,1
DA:5,1
DA:6,6
DA:7,6
DA:8,6
DA:9,6
DA:10,1
DA:11,6
DA:12,6
DA:13,0
DA:14,0
DA:15,0
DA:16,0
DA:17,0
DA:18,0
DA:19,0
DA:20,0
DA:21,0
DA:22,0
DA:23,0
DA:24,0
DA:25,0
DA:26,0
DA:27,0
DA:28,0
DA:29,0
DA:30,6
LF:30
LH:13
BRDA:6,0,0,6
BRDA:11,1,0,6
BRDA:11,2,0,6
BRF:3
BRH:3
end_of_record
TN:
SF:src/modules/statements/useCases/createStatement/CreateStatementError.ts
FN:5,UserNotFound
FN:11,InsufficientFunds
FNF:2
FNH:2
FNDA:1,UserNotFound
FNDA:1,InsufficientFunds
DA:1,1
DA:2,1
DA:3,7
DA:4,7
DA:5,7
DA:6,1
DA:7,1
DA:8,7
DA:9,7
DA:10,7
DA:11,7
DA:12,1
DA:13,1
DA:14,7
DA:15,7
LF:15
LH:15
BRDA:3,0,0,7
BRDA:4,1,0,7
BRDA:5,2,0,1
BRDA:10,3,0,7
BRDA:11,4,0,1
BRF:5
BRH:5
end_of_record
TN:
SF:src/modules/statements/useCases/createStatement/CreateStatementUseCase.ts
FN:10,CreateStatementUseCase
FN:18,Object.<anonymous>.CreateStatementUseCase.execute
FNF:2
FNH:2
FNDA:3,CreateStatementUseCase
FNDA:3,Object.<anonymous>.CreateStatementUseCase.execute
DA:1,1
DA:2,1
DA:3,1
DA:4,1
DA:5,1
DA:6,1
DA:7,1
DA:8,1
DA:9,7
DA:10,7
DA:11,3
DA:12,3
DA:13,3
DA:14,3
DA:15,3
DA:16,3
DA:17,7
DA:18,7
DA:19,3
DA:20,3
DA:21,3
DA:22,1
DA:23,1
DA:24,2
DA:25,2
DA:26,1
DA:27,3
DA:28,3
DA:29,3
DA:30,3
DA:31,3
DA:32,3
DA:33,3
DA:34,1
DA:35,1
DA:36,1
DA:37,1
DA:38,1
DA:39,3
DA:40,3
DA:41,3
DA:42,7
LF:42
LH:42
BRDA:9,0,0,7
BRDA:10,1,0,3
BRDA:18,2,0,3
BRDA:19,3,0,3
BRDA:21,4,0,1
BRDA:24,5,0,2
BRDA:25,6,0,1
BRDA:33,7,0,1
BRF:8
BRH:8
end_of_record
TN:
SF:src/modules/statements/useCases/getBalance/GetBalanceController.ts
FN:7,GetBalanceController
FN:8,Object.<anonymous>.GetBalanceController.execute
FNF:2
FNH:1
FNDA:6,GetBalanceController
FNDA:0,Object.<anonymous>.GetBalanceController.execute
DA:1,1
DA:2,1
DA:3,1
DA:4,1
DA:5,1
DA:6,1
DA:7,6
DA:8,6
DA:9,0
DA:10,0
DA:11,0
DA:12,0
DA:13,0
DA:14,0
DA:15,0
DA:16,0
DA:17,0
DA:18,0
DA:19,6
LF:19
LH:9
BRDA:7,0,0,6
BRDA:7,1,0,6
BRF:2
BRH:2
end_of_record
TN:
SF:src/modules/statements/useCases/getBalance/GetBalanceError.ts
FN:4,GetBalanceError
FNF:1
FNH:1
FNDA:1,GetBalanceError
DA:1,1
DA:2,1
DA:3,7
DA:4,7
DA:5,1
DA:6,1
DA:7,7
LF:7
LH:7
BRDA:3,0,0,7
BRDA:4,1,0,1
BRF:2
BRH:2
end_of_record
TN:
SF:src/modules/statements/useCases/getBalance/GetBalanceUseCase.ts
FN:19,GetBalanceUseCase
FN:27,Object.<anonymous>.GetBalanceUseCase.execute
FNF:2
FNH:2
FNDA:2,GetBalanceUseCase
FNDA:2,Object.<anonymous>.GetBalanceUseCase.execute
DA:1,1
DA:2,1
DA:3,1
DA:4,1
DA:5,1
DA:6,1
DA:7,1
DA:8,1
DA:9,1
DA:10,1
DA:11,1
DA:12,1
DA:13,1
DA:14,1
DA:15,1
DA:16,1
DA:17,1
DA:18,7
DA:19,7
DA:20,2
DA:21,2
DA:22,2
DA:23,2
DA:24,2
DA:25,2
DA:26,7
DA:27,7
DA:28,2
DA:29,2
DA:30,2
DA:31,1
DA:32,1
DA:33,1
DA:34,1
DA:35,1
DA:36,1
DA:37,1
DA:38,2
DA:39,2
DA:40,2
DA:41,7
LF:41
LH:41
BRDA:18,0,0,7
BRDA:19,1,0,2
BRDA:27,2,0,2
BRDA:28,3,0,2
BRDA:30,4,0,1
BRF:5
BRH:5
end_of_record
TN:
SF:src/modules/statements/useCases/getStatementOperation/GetStatementOperationController.ts
FN:6,GetStatementOperationController
FN:7,Object.<anonymous>.GetStatementOperationController.execute
FNF:2
FNH:1
FNDA:6,GetStatementOperationController
FNDA:0,Object.<anonymous>.GetStatementOperationController.execute
DA:1,1
DA:2,1
DA:3,1
DA:4,1
DA:5,1
DA:6,6
DA:7,6
DA:8,0
DA:9,0
DA:10,0
DA:11,0
DA:12,0
DA:13,0
DA:14,0
DA:15,0
DA:16,0
DA:17,0
DA:18,0
DA:19,0
DA:20,6
LF:20
LH:8
BRDA:6,0,0,6
BRDA:6,1,0,6
BRF:2
BRH:2
end_of_record
TN:
SF:src/modules/statements/useCases/getStatementOperation/GetStatementOperationError.ts
FN:5,UserNotFound
FN:11,StatementNotFound
FNF:2
FNH:2
FNDA:1,UserNotFound
FNDA:2,StatementNotFound
DA:1,1
DA:2,1
DA:3,7
DA:4,7
DA:5,7
DA:6,1
DA:7,1
DA:8,7
DA:9,7
DA:10,7
DA:11,7
DA:12,2
DA:13,2
DA:14,7
DA:15,7
LF:15
LH:15
BRDA:3,0,0,7
BRDA:4,1,0,7
BRDA:5,2,0,1
BRDA:10,3,0,7
BRDA:11,4,0,2
BRF:5
BRH:5
end_of_record
TN:
SF:src/modules/statements/useCases/getStatementOperation/GetStatementOperationUseCase.ts
FN:14,GetStatementOperationUseCase
FN:22,Object.<anonymous>.GetStatementOperationUseCase.execute
FNF:2
FNH:2
FNDA:4,GetStatementOperationUseCase
FNDA:4,Object.<anonymous>.GetStatementOperationUseCase.execute
DA:1,1
DA:2,1
DA:3,1
DA:4,1
DA:5,1
DA:6,1
DA:7,1
DA:8,1
DA:9,1
DA:10,1
DA:11,1
DA:12,1
DA:13,7
DA:14,7
DA:15,4
DA:16,4
DA:17,4
DA:18,4
DA:19,4
DA:20,4
DA:21,7
DA:22,7
DA:23,4
DA:24,4
DA:25,4
DA:26,1
DA:27,1
DA:28,3
DA:29,3
DA:30,3
DA:31,4
DA:32,4
DA:33,2
DA:34,2
DA:35,1
DA:36,1
DA:37,4
DA:38,7
LF:38
LH:38
BRDA:13,0,0,7
BRDA:14,1,0,4
BRDA:22,2,0,4
BRDA:23,3,0,4
BRDA:25,4,0,1
BRDA:28,5,0,3
BRDA:32,6,0,2
BRDA:35,7,0,1
BRF:8
BRH:8
end_of_record
TN:
SF:src/modules/users/entities/User.ts
FN:35,User
FNF:1
FNH:1
FNDA:32,User
DA:1,1
DA:2,1
DA:3,1
DA:4,1
DA:5,1
DA:6,1
DA:7,1
DA:8,1
DA:9,1
DA:10,1
DA:11,1
DA:12,1
DA:13,12
DA:14,12
DA:15,12
DA:16,12
DA:17,12
DA:18,12
DA:19,12
DA:20,12
DA:21,12
DA:22,12
DA:23,12
DA:24,12
DA:25,12
DA:26,12
DA:27,12
DA:28,12
DA:29,12
DA:30,12
DA:31,12
DA:32,12
DA:33,12
DA:34,12
DA:35,12
DA:36,32
DA:37,32
DA:38,32
DA:39,32
DA:40,12
LF:40
LH:40
BRDA:13,0,0,12
BRDA:35,1,0,32
BRDA:26,2,0,12
BRDA:26,3,0,12
BRF:4
BRH:4
end_of_record
TN:
SF:src/modules/users/mappers/ProfileMap.ts
FN:3,ProfileMap
FN:4,Object.<anonymous>.ProfileMap.toDTO
FNF:2
FNH:0
FNDA:0,ProfileMap
FNDA:0,Object.<anonymous>.ProfileMap.toDTO
DA:1,1
DA:2,1
DA:3,0
DA:4,0
DA:5,0
DA:6,0
DA:7,0
DA:8,0
DA:9,0
DA:10,0
DA:11,0
DA:12,0
DA:13,0
LF:13
LH:2
BRDA:3,0,0,6
BRF:1
BRH:1
end_of_record
TN:
SF:src/modules/users/repositories/UsersRepository.ts
FN:10,UsersRepository
FN:14,Object.<anonymous>.UsersRepository.findByEmail
FN:20,Object.<anonymous>.UsersRepository.findById
FN:24,Object.<anonymous>.UsersRepository.create
FNF:4
FNH:3
FNDA:6,UsersRepository
FNDA:22,Object.<anonymous>.UsersRepository.findByEmail
FNDA:0,Object.<anonymous>.UsersRepository.findById
FNDA:4,Object.<anonymous>.UsersRepository.create
DA:1,1
DA:2,1
DA:3,1
DA:4,1
DA:5,1
DA:6,1
DA:7,6
DA:8,6
DA:9,6
DA:10,6
DA:11,6
DA:12,6
DA:13,6
DA:14,6
DA:15,22
DA:16,22
DA:17,22
DA:18,22
DA:19,6
DA:20,6
DA:21,0
DA:22,0
DA:23,6
DA:24,6
DA:25,4
DA:26,4
DA:27,4
DA:28,4
DA:29,6
LF:29
LH:27
BRDA:7,0,0,6
BRDA:10,1,0,6
BRDA:14,2,0,22
BRDA:24,3,0,4
BRF:4
BRH:4
end_of_record
TN:
SF:src/modules/users/repositories/in-memory/InMemoryUsersRepository.ts
FN:6,InMemoryUsersRepository
FN:9,Object.<anonymous>.InMemoryUsersRepository.findByEmail
FN:13,Object.<anonymous>.InMemoryUsersRepository.findById
FN:17,Object.<anonymous>.InMemoryUsersRepository.create
FNF:4
FNH:4
FNDA:16,InMemoryUsersRepository
FNDA:6,Object.<anonymous>.InMemoryUsersRepository.findByEmail
FNDA:11,Object.<anonymous>.InMemoryUsersRepository.findById
FNDA:11,Object.<anonymous>.InMemoryUsersRepository.create
DA:1,1
DA:2,1
DA:3,1
DA:4,1
DA:5,1
DA:6,16
DA:7,16
DA:8,16
DA:9,16
DA:10,6
DA:11,6
DA:12,16
DA:13,16
DA:14,11
DA:15,11
DA:16,16
DA:17,16
DA:18,11
DA:19,11
DA:20,11
DA:21,11
DA:22,11
DA:23,16
LF:23
LH:23
BRDA:6,0,0,6
BRDA:6,1,0,16
BRDA:9,2,0,6
BRDA:10,3,0,1
BRDA:13,4,0,11
BRDA:14,5,0,9
BRDA:17,6,0,11
BRF:7
BRH:7
end_of_record
TN:
SF:src/modules/users/useCases/authenticateUser/AuthenticateUserController.ts
FN:6,AuthenticateUserController
FN:7,Object.<anonymous>.AuthenticateUserController.execute
FNF:2
FNH:2
FNDA:6,AuthenticateUserController
FNDA:10,Object.<anonymous>.AuthenticateUserController.execute
DA:1,1
DA:2,1
DA:3,1
DA:4,1
DA:5,1
DA:6,6
DA:7,6
DA:8,10
DA:9,10
DA:10,10
DA:11,10
DA:12,10
DA:13,10
DA:14,10
DA:15,10
DA:16,10
DA:17,10
DA:18,10
DA:19,6
LF:19
LH:19
BRDA:6,0,0,6
BRDA:6,1,0,6
BRDA:7,2,0,10
BRF:3
BRH:3
end_of_record
TN:
SF:src/modules/users/useCases/authenticateUser/AuthenticateUserUseCase.ts
FN:18,AuthenticateUserUseCase
FN:23,Object.<anonymous>.AuthenticateUserUseCase.execute
FNF:2
FNH:2
FNDA:13,AuthenticateUserUseCase
FNDA:11,Object.<anonymous>.AuthenticateUserUseCase.execute
DA:1,1
DA:2,1
DA:3,1
DA:4,1
DA:5,1
DA:6,1
DA:7,1
DA:8,1
DA:9,1
DA:10,1
DA:11,1
DA:12,1
DA:13,1
DA:14,1
DA:15,1
DA:16,1
DA:17,7
DA:18,7
DA:19,13
DA:20,13
DA:21,13
DA:22,7
DA:23,7
DA:24,11
DA:25,11
DA:26,11
DA:27,1
DA:28,1
DA:29,5
DA:30,5
DA:31,11
DA:32,11
DA:33,4
DA:34,4
DA:35,1
DA:36,1
DA:37,1
DA:38,1
DA:39,1
DA:40,1
DA:41,1
DA:42,1
DA:43,1
DA:44,1
DA:45,1
DA:46,1
DA:47,1
DA:48,1
DA:49,1
DA:50,1
DA:51,11
DA:52,7
LF:52
LH:52
BRDA:17,0,0,7
BRDA:18,1,0,13
BRDA:23,2,0,11
BRDA:24,3,0,11
BRDA:26,4,0,1
BRDA:29,5,0,5
BRDA:32,6,0,4
BRDA:35,7,0,1
BRF:8
BRH:8
end_of_record
TN:
SF:src/modules/users/useCases/authenticateUser/IncorrectEmailOrPasswordError.ts
FN:4,IncorrectEmailOrPasswordError
FNF:1
FNH:1
FNDA:5,IncorrectEmailOrPasswordError
DA:1,1
DA:2,1
DA:3,7
DA:4,7
DA:5,5
DA:6,5
DA:7,7
LF:7
LH:7
BRDA:3,0,0,7
BRDA:4,1,0,5
BRF:2
BRH:2
end_of_record
TN:
SF:src/modules/users/useCases/createUser/CreateUserController.ts
FN:6,CreateUserController
FN:7,Object.<anonymous>.CreateUserController.execute
FNF:2
FNH:2
FNDA:6,CreateUserController
FNDA:12,Object.<anonymous>.CreateUserController.execute
DA:1,1
DA:2,1
DA:3,1
DA:4,1
DA:5,1
DA:6,6
DA:7,6
DA:8,12
DA:9,12
DA:10,12
DA:11,12
DA:12,12
DA:13,12
DA:14,12
DA:15,12
DA:16,12
DA:17,12
DA:18,12
DA:19,12
DA:20,12
DA:21,6
LF:21
LH:21
BRDA:6,0,0,6
BRDA:6,1,0,6
BRDA:7,2,0,12
BRF:3
BRH:3
end_of_record
TN:
SF:src/modules/users/useCases/createUser/CreateUserError.ts
FN:4,CreateUserError
FNF:1
FNH:1
FNDA:1,CreateUserError
DA:1,1
DA:2,1
DA:3,8
DA:4,8
DA:5,1
DA:6,1
DA:7,8
LF:7
LH:7
BRDA:3,0,0,8
BRDA:4,1,0,1
BRF:2
BRH:2
end_of_record
TN:
SF:src/modules/users/useCases/createUser/CreateUserUseCase.ts
FN:12,CreateUserUseCase
FN:17,Object.<anonymous>.CreateUserUseCase.execute
FNF:2
FNH:2
FNDA:17,CreateUserUseCase
FNDA:17,Object.<anonymous>.CreateUserUseCase.execute
DA:1,1
DA:2,1
DA:3,1
DA:4,1
DA:5,1
DA:6,1
DA:7,1
DA:8,1
DA:9,1
DA:10,8
DA:11,8
DA:12,8
DA:13,17
DA:14,17
DA:15,17
DA:16,8
DA:17,8
DA:18,17
DA:19,17
DA:20,17
DA:21,1
DA:22,1
DA:23,9
DA:24,9
DA:25,17
DA:26,17
DA:27,17
DA:28,17
DA:29,17
DA:30,17
DA:31,17
DA:32,17
DA:33,17
DA:34,8
LF:34
LH:34
BRDA:10,0,0,8
BRDA:12,1,0,17
BRDA:17,2,0,17
BRDA:18,3,0,17
BRDA:20,4,0,1
BRDA:23,5,0,9
BRF:6
BRH:6
end_of_record
TN:
SF:src/modules/users/useCases/showUserProfile/ShowUserProfileController.ts
FN:7,ShowUserProfileController
FN:8,Object.<anonymous>.ShowUserProfileController.execute
FNF:2
FNH:1
FNDA:6,ShowUserProfileController
FNDA:0,Object.<anonymous>.ShowUserProfileController.execute
DA:1,1
DA:2,1
DA:3,1
DA:4,1
DA:5,1
DA:6,1
DA:7,6
DA:8,6
DA:9,0
DA:10,0
DA:11,0
DA:12,0
DA:13,0
DA:14,0
DA:15,0
DA:16,0
DA:17,0
DA:18,0
DA:19,6
LF:19
LH:9
BRDA:7,0,0,6
BRDA:7,1,0,6
BRF:2
BRH:2
end_of_record
TN:
SF:src/modules/users/useCases/showUserProfile/ShowUserProfileError.ts
FN:4,ShowUserProfileError
FNF:1
FNH:1
FNDA:1,ShowUserProfileError
DA:1,1
DA:2,1
DA:3,7
DA:4,7
DA:5,1
DA:6,1
DA:7,7
LF:7
LH:7
BRDA:3,0,0,7
BRDA:4,1,0,1
BRF:2
BRH:2
end_of_record
TN:
SF:src/modules/users/useCases/showUserProfile/ShowUserProfileUseCase.ts
FN:8,ShowUserProfileUseCase
FN:13,Object.<anonymous>.ShowUserProfileUseCase.execute
FNF:2
FNH:2
FNDA:2,ShowUserProfileUseCase
FNDA:2,Object.<anonymous>.ShowUserProfileUseCase.execute
DA:1,1
DA:2,1
DA:3,1
DA:4,1
DA:5,1
DA:6,1
DA:7,7
DA:8,7
DA:9,2
DA:10,2
DA:11,2
DA:12,7
DA:13,7
DA:14,2
DA:15,2
DA:16,2
DA:17,1
DA:18,1
DA:19,1
DA:20,1
DA:21,2
DA:22,7
LF:22
LH:22
BRDA:7,0,0,7
BRDA:8,1,0,2
BRDA:13,2,0,2
BRDA:14,3,0,2
BRDA:16,4,0,1
BRF:5
BRH:5
end_of_record
TN:
SF:src/routes/authentication.routes.ts
FNF:0
FNH:0
DA:1,1
DA:2,1
DA:3,1
DA:4,1
DA:5,1
DA:6,1
DA:7,1
DA:8,1
DA:9,1
DA:10,1
LF:10
LH:10
BRF:0
BRH:0
end_of_record
TN:
SF:src/routes/index.ts
FNF:0
FNH:0
DA:1,1
DA:2,1
DA:3,1
DA:4,1
DA:5,1
DA:6,1
DA:7,1
DA:8,1
DA:9,1
DA:10,1
DA:11,1
DA:12,1
DA:13,1
DA:14,1
DA:15,1
DA:16,1
LF:16
LH:16
BRF:0
BRH:0
end_of_record
TN:
SF:src/routes/statements.routes.ts
FNF:0
FNH:0
DA:1,1
DA:2,1
DA:3,1
DA:4,1
DA:5,1
DA:6,1
DA:7,1
DA:8,1
DA:9,1
DA:10,1
DA:11,1
DA:12,1
DA:13,1
DA:14,1
DA:15,1
DA:16,1
DA:17,1
DA:18,1
DA:19,1
DA:20,1
LF:20
LH:20
BRF:0
BRH:0
end_of_record
TN:
SF:src/routes/userProfile.routes.ts
FNF:0
FNH:0
DA:1,1
DA:2,1
DA:3,1
DA:4,1
DA:5,1
DA:6,1
DA:7,1
DA:8,1
DA:9,1
DA:10,1
DA:11,1
DA:12,1
DA:13,1
LF:13
LH:13
BRF:0
BRH:0
end_of_record
TN:
SF:src/routes/users.routes.ts
FNF:0
FNH:0
DA:1,1
DA:2,1
DA:3,1
DA:4,1
DA:5,1
DA:6,1
DA:7,1
DA:8,1
DA:9,1
DA:10,1
LF:10
LH:10
BRF:0
BRH:0
end_of_record
TN:
SF:src/shared/container/index.ts
FNF:0
FNH:0
DA:1,1
DA:2,1
DA:3,1
DA:4,1
DA:5,1
DA:6,1
DA:7,1
DA:8,1
DA:9,1
DA:10,1
DA:11,1
DA:12,1
DA:13,1
DA:14,1
DA:15,1
DA:16,1
DA:17,1
LF:17
LH:17
BRF:0
BRH:0
end_of_record
TN:
SF:src/shared/errors/AppError.ts
FN:6,AppError
FNF:1
FNH:1
FNDA:17,AppError
DA:1,12
DA:2,12
DA:3,12
DA:4,12
DA:5,12
DA:6,12
DA:7,17
DA:8,17
DA:9,17
DA:10,12
LF:10
LH:10
BRDA:1,0,0,12
BRDA:6,1,0,17
BRDA:6,2,0,1
BRF:3
BRH:3
end_of_record
TN:
SF:src/shared/errors/JWTInvalidTokenError.ts
FN:4,JWTInvalidTokenError
FNF:1
FNH:1
FNDA:4,JWTInvalidTokenError
DA:1,1
DA:2,1
DA:3,6
DA:4,6
DA:5,4
DA:6,4
DA:7,6
LF:7
LH:7
BRDA:3,0,0,6
BRDA:4,1,0,4
BRF:2
BRH:2
end_of_record
TN:
SF:src/shared/errors/JWTTokenMissingError.ts
FN:4,JWTTokenMissingError
FNF:1
FNH:0
FNDA:0,JWTTokenMissingError
DA:1,1
DA:2,1
DA:3,6
DA:4,6
DA:5,0
DA:6,0
DA:7,6
LF:7
LH:5
BRDA:3,0,0,6
BRF:1
BRH:1
end_of_record
TN:
SF:src/shared/infra/http/middlwares/ensureAuthenticated.ts
FN:12,ensureAuthenticated
FNF:1
FNH:1
FNDA:4,ensureAuthenticated
DA:1,1
DA:2,1
DA:3,1
DA:4,1
DA:5,1
DA:6,1
DA:7,1
DA:8,1
DA:9,1
DA:10,1
DA:11,1
DA:12,4
DA:13,4
DA:14,4
DA:15,4
DA:16,4
DA:17,4
DA:18,4
DA:19,4
DA:20,0
DA:21,0
DA:22,4
DA:23,4
DA:24,4
DA:25,4
DA:26,4
DA:27,4
DA:28,4
DA:29,4
DA:30,4
DA:31,4
DA:32,4
DA:33,4
DA:34,4
DA:35,4
DA:36,4
LF:36
LH:34
BRDA:12,0,0,4
BRDA:19,1,0,0
BRF:2
BRH:1
end_of_record
